#
# A fatal error has been detected by the Java Runtime Environment:
#
#  SIGSEGV (0xb) at pc=0x00007f72fc1d737a, pid=2923, tid=140131766798080
#
# JRE version: Java(TM) SE Runtime Environment (8.0_60-b27) (build 1.8.0_60-b27)
# Java VM: Java HotSpot(TM) 64-Bit Server VM (25.60-b23 mixed mode linux-amd64 compressed oops)
# Problematic frame:
# v  ~BufferBlob::jni_fast_GetLongField
#
# Failed to write core dump. Core dumps have been disabled. To enable core dumping, try "ulimit -c unlimited" before starting Java again
#
# If you would like to submit a bug report, please visit:
#   http://bugreport.java.com/bugreport/crash.jsp
# The crash happened outside the Java Virtual Machine in native code.
# See problematic frame for where to report the bug.
#

---------------  T H R E A D  ---------------

Current thread (0x00007f730c1d1000):  JavaThread "AWT-XAWT" daemon [_thread_in_native, id=2940, stack(0x00007f72f81e8000,0x00007f72f82e9000)]

siginfo: si_signo: 11 (SIGSEGV), si_code: 1 (SEGV_MAPERR), si_addr: 0x0000000000000000

Registers:
RAX=0x00007f73115cbda0, RBX=0x00007f730c1d11f8, RCX=0x00007f7312029320, RDX=0x0000000000000042
RSP=0x00007f72f82e76f8, RBP=0x00007f72f82e7720, RSI=0x0000000000000000, RDI=0x00007f730c1d11f8
R8 =0x00000000e967fcb8, R9 =0x0000000000000000, R10=0x0000000000000018, R11=0x00007f72fc342218
R12=0x00007f72c40074a0, R13=0x0000000000000000, R14=0x00007f72fa0727e0, R15=0x00007f730c1d1000
RIP=0x00007f72fc1d737a, EFLAGS=0x0000000000010246, CSGSFS=0x0000000000000033, ERR=0x0000000000000004
  TRAPNO=0x000000000000000e

Top of Stack: (sp=0x00007f72f82e76f8)
0x00007f72f82e76f8:   00007f72f9e50e61 00007f72fb97b948
0x00007f72f82e7708:   00007f72c40074a0 00007f72f82e77d0
0x00007f72f82e7718:   00007f72f82e77a0 0000000000000000
0x00007f72f82e7728:   00007f72f9934ae8 00007f72fb97b948
0x00007f72f82e7738:   00007f72f82e7760 0000000000000000
0x00007f72f82e7748:   00007f72f992c9a3 00007f72f82e77d0
0x00007f72f82e7758:   00007f72f9e4a09f 00007f72f82e77b0
0x00007f72f82e7768:   00007f72fc3422b6 0000000000000000
0x00007f72f82e7778:   00007f72fc30ee36 00007f72f82e77d0
0x00007f72f82e7788:   00007f72fc2ecdac 00007f72f82e7830
0x00007f72f82e7798:   00000000e985e438 00000000e9824f98
0x00007f72f82e77a8:   0000000000000001 00007f72f82e7830
0x00007f72f82e77b8:   00007f72fc175420 00007f72f82e7830
0x00007f72f82e77c8:   00007f72fc175420 0000000000000000
0x00007f72f82e77d8:   00007f72fc175760 00007f72cc000e30
0x00007f72f82e77e8:   00000000e9884488 00007f72f82e77f0
0x00007f72f82e77f8:   00007f72fba7bfac 00007f72f82e7878
0x00007f72f82e7808:   00007f72fba85428 0000000000000000
0x00007f72f82e7818:   00007f72fba7c0e8 00007f72f82e77d0
0x00007f72f82e7828:   00007f72f82e7870 00007f72f82e78c0
0x00007f72f82e7838:   00007f72fc175c4d 0000000000000000
0x00007f72f82e7848:   00000000e987a9a8 0000000000000000
0x00007f72f82e7858:   0000000000000000 0000000000000000
0x00007f72f82e7868:   00000000e9884488 0000000000000000
0x00007f72f82e7878:   00000000e985efd8 00007f72f82e7880
0x00007f72f82e7888:   00007f72fba7bded 00007f72f82e78d0
0x00007f72f82e7898:   00007f72fba85428 0000000000000000
0x00007f72f82e78a8:   00007f72fba7bdf8 00007f72f82e7870
0x00007f72f82e78b8:   00007f72f82e78d0 00007f72f82e7918
0x00007f72f82e78c8:   00007f72fc175c92 00000000e985efd8
0x00007f72f82e78d8:   00007f72f82e78d8 00007f72fb5db9cb
0x00007f72f82e78e8:   00007f72f82e7928 00007f72fb662480 

Instructions: (pc=0x00007f72fc1d737a)
0x00007f72fc1d735a:   00 00 00 00 00 00 44 8b 15 c1 ef 42 15 4c 8b ce
0x00007f72fc1d736a:   41 f6 c2 01 0f 85 2e 00 00 00 4d 33 ca 4d 33 ca
0x00007f72fc1d737a:   4d 8b 09 4c 8b da 49 c1 eb 02 4b 8b 04 19 49 bb
0x00007f72fc1d738a:   28 63 60 11 73 7f 00 00 4c 33 d8 4c 33 d8 45 3b 

Register to memory mapping:

RAX=0x00007f73115cbda0: <offset 0xf74da0> in /opt/jdk/jdk1.8.0_60/jre/lib/amd64/server/libjvm.so at 0x00007f7310657000
RBX=0x00007f730c1d11f8 is an unknown value
RCX=0x00007f7312029320: <offset 0x219320> in /lib/x86_64-linux-gnu/libpthread.so.0 at 0x00007f7311e10000
RDX=0x0000000000000042 is an unknown value
RSP=0x00007f72f82e76f8 is pointing into the stack for thread: 0x00007f730c1d1000
RBP=0x00007f72f82e7720 is pointing into the stack for thread: 0x00007f730c1d1000
RSI=0x0000000000000000 is an unknown value
RDI=0x00007f730c1d11f8 is an unknown value
R8 =
[error occurred during error reporting (printing register info), id 0xb]

Stack: [0x00007f72f81e8000,0x00007f72f82e9000],  sp=0x00007f72f82e76f8,  free space=1021k
Native frames: (J=compiled Java code, j=interpreted, Vv=VM code, C=native code)
v  ~BufferBlob::jni_fast_GetLongField
C  [libX11.so.6+0x61ae8]  _XimServerDestroy+0x58

Java frames: (J=compiled Java code, j=interpreted, Vv=VM code)
J 398  sun.awt.X11.XlibWrapper.XFilterEvent(JJ)Z (0 bytes) @ 0x00007f72fc342244 [0x00007f72fc342200+0x44]
j  sun.awt.X11.XToolkit.run(Z)V+300
j  sun.awt.X11.XToolkit.run()V+5
j  java.lang.Thread.run()V+11
v  ~StubRoutines::call_stub

---------------  P R O C E S S  ---------------

Java Threads: ( => current thread )
  0x00007f730c009800 JavaThread "DestroyJavaVM" [_thread_blocked, id=2924, stack(0x00007f7312130000,0x00007f7312231000)]
  0x00007f72cc005000 JavaThread "AWT-EventQueue-0" [_thread_blocked, id=2942, stack(0x00007f72cbeff000,0x00007f72cc000000)]
  0x00007f730c1e8800 JavaThread "AWT-Shutdown" [_thread_blocked, id=2941, stack(0x00007f72f80e7000,0x00007f72f81e8000)]
=>0x00007f730c1d1000 JavaThread "AWT-XAWT" daemon [_thread_in_native, id=2940, stack(0x00007f72f81e8000,0x00007f72f82e9000)]
  0x00007f730c1ab000 JavaThread "Java2D Disposer" daemon [_thread_blocked, id=2939, stack(0x00007f72f86f9000,0x00007f72f87fa000)]
  0x00007f730c0b5800 JavaThread "Service Thread" daemon [_thread_blocked, id=2937, stack(0x00007f72fa446000,0x00007f72fa547000)]
  0x00007f730c0b0800 JavaThread "C1 CompilerThread1" daemon [_thread_blocked, id=2936, stack(0x00007f72fa547000,0x00007f72fa648000)]
  0x00007f730c0ae800 JavaThread "C2 CompilerThread0" daemon [_thread_blocked, id=2935, stack(0x00007f72fa648000,0x00007f72fa749000)]
  0x00007f730c0ad000 JavaThread "Signal Dispatcher" daemon [_thread_blocked, id=2934, stack(0x00007f72fa749000,0x00007f72fa84a000)]
  0x00007f730c075000 JavaThread "Finalizer" daemon [_thread_blocked, id=2933, stack(0x00007f72fb05d000,0x00007f72fb15e000)]
  0x00007f730c073000 JavaThread "Reference Handler" daemon [_thread_blocked, id=2932, stack(0x00007f72fb15e000,0x00007f72fb25f000)]

Other Threads:
  0x00007f730c06e000 VMThread [stack: 0x00007f72fb25f000,0x00007f72fb360000] [id=2930]
  0x00007f730c0b9000 WatcherThread [stack: 0x00007f72fa345000,0x00007f72fa446000] [id=2938]

VM state:not at safepoint (normal execution)

VM Mutex/Monitor currently owned by a thread: None

Heap:
 def new generation   total 7424K, used 3643K [0x00000000e9600000, 0x00000000e9e00000, 0x00000000f0ea0000)
  eden space 6656K,  54% used [0x00000000e9600000, 0x00000000e998ed00, 0x00000000e9c80000)
  from space 768K,   0% used [0x00000000e9c80000, 0x00000000e9c80000, 0x00000000e9d40000)
  to   space 768K,   0% used [0x00000000e9d40000, 0x00000000e9d40000, 0x00000000e9e00000)
 tenured generation   total 16384K, used 0K [0x00000000f0ea0000, 0x00000000f1ea0000, 0x0000000100000000)
   the space 16384K,   0% used [0x00000000f0ea0000, 0x00000000f0ea0000, 0x00000000f0ea0200, 0x00000000f1ea0000)
 Metaspace       used 7601K, capacity 7758K, committed 7936K, reserved 1056768K
  class space    used 830K, capacity 922K, committed 1024K, reserved 1048576K

Card table byte_map: [0x00007f731207a000,0x00007f7312130000] byte_map_base: 0x00007f731192f000

Polling page: 0x00007f731224d000

CodeCache: size=245760Kb used=2011Kb max_used=2019Kb free=243748Kb
 bounds [0x00007f72fc16e000, 0x00007f72fc3de000, 0x00007f730b16e000]
 total_blobs=866 nmethods=410 adapters=371
 compilation: enabled

Compilation events (10 events):
Event: 611.570 Thread 0x00007f730c0b0800  404       3       sun.awt.X11.XAtom::hashCode (15 bytes)
Event: 611.570 Thread 0x00007f730c0b0800 nmethod 404 0x00007f72fc341390 code [0x00007f72fc3414e0, 0x00007f72fc341650]
Event: 664.466 Thread 0x00007f730c0ae800  405       4       java.util.concurrent.locks.AbstractQueuedSynchronizer::release (33 bytes)
Event: 664.782 Thread 0x00007f730c0ae800 nmethod 405 0x00007f72fc341050 code [0x00007f72fc3411a0, 0x00007f72fc3412a8]
Event: 699.556 Thread 0x00007f730c0b0800  406       3       java.util.Arrays::copyOf (46 bytes)
Event: 699.832 Thread 0x00007f730c0b0800 nmethod 406 0x00007f72fc366550 code [0x00007f72fc366700, 0x00007f72fc366d88]
Event: 721.997 Thread 0x00007f730c0ae800  407       4       sun.awt.X11.XToolkit::getDisplay (20 bytes)
Event: 722.798 Thread 0x00007f730c0ae800 nmethod 407 0x00007f72fc340e50 code [0x00007f72fc340f80, 0x00007f72fc340fd8]
Event: 1299.579 Thread 0x00007f730c0b0800  408       1       sun.awt.X11.XWindow::getEventSource (5 bytes)
Event: 1299.948 Thread 0x00007f730c0b0800 nmethod 408 0x00007f72fc340b90 code [0x00007f72fc340ce0, 0x00007f72fc340df0]

GC Heap History (0 events):
No events

Deoptimization events (0 events):
No events

Internal exceptions (10 events):
Event: 0.202 Thread 0x00007f730c009800 Exception <a 'java/lang/NoSuchMethodError': Method sun.misc.Unsafe.defineClass(Ljava/lang/String;[BII)Ljava/lang/Class; name or signature does not match> (0x00000000e9612b98) thrown at [/HUDSON/workspace/8-2-build-linux-amd64/jdk8u60/4407/hotspot/src/shar
Event: 0.202 Thread 0x00007f730c009800 Exception <a 'java/lang/NoSuchMethodError': Method sun.misc.Unsafe.prefetchRead(Ljava/lang/Object;J)V name or signature does not match> (0x00000000e9612e80) thrown at [/HUDSON/workspace/8-2-build-linux-amd64/jdk8u60/4407/hotspot/src/share/vm/prims/jni.cpp
Event: 0.617 Thread 0x00007f730c009800 Exception <a 'java/security/PrivilegedActionException'> (0x00000000e96b5938) thrown at [/HUDSON/workspace/8-2-build-linux-amd64/jdk8u60/4407/hotspot/src/share/vm/prims/jvm.cpp, line 1386]
Event: 0.617 Thread 0x00007f730c009800 Exception <a 'java/security/PrivilegedActionException'> (0x00000000e96b5b48) thrown at [/HUDSON/workspace/8-2-build-linux-amd64/jdk8u60/4407/hotspot/src/share/vm/prims/jvm.cpp, line 1386]
Event: 0.624 Thread 0x00007f730c009800 Exception <a 'java/security/PrivilegedActionException'> (0x00000000e96b7d28) thrown at [/HUDSON/workspace/8-2-build-linux-amd64/jdk8u60/4407/hotspot/src/share/vm/prims/jvm.cpp, line 1386]
Event: 0.624 Thread 0x00007f730c009800 Exception <a 'java/security/PrivilegedActionException'> (0x00000000e96b7f38) thrown at [/HUDSON/workspace/8-2-build-linux-amd64/jdk8u60/4407/hotspot/src/share/vm/prims/jvm.cpp, line 1386]
Event: 1.082 Thread 0x00007f730c009800 Exception <a 'java/lang/NoSuchFieldError': method resolution failed> (0x00000000e9784838) thrown at [/HUDSON/workspace/8-2-build-linux-amd64/jdk8u60/4407/hotspot/src/share/vm/prims/methodHandles.cpp, line 1146]
Event: 1.103 Thread 0x00007f730c009800 Exception <a 'java/lang/NoSuchFieldError': method resolution failed> (0x00000000e9792008) thrown at [/HUDSON/workspace/8-2-build-linux-amd64/jdk8u60/4407/hotspot/src/share/vm/prims/methodHandles.cpp, line 1146]
Event: 1.274 Thread 0x00007f730c009800 Exception <a 'java/io/FileNotFoundException'> (0x00000000e9811bc8) thrown at [/HUDSON/workspace/8-2-build-linux-amd64/jdk8u60/4407/hotspot/src/share/vm/prims/jni.cpp, line 709]
Event: 1.275 Thread 0x00007f730c009800 Exception <a 'java/io/FileNotFoundException'> (0x00000000e9812558) thrown at [/HUDSON/workspace/8-2-build-linux-amd64/jdk8u60/4407/hotspot/src/share/vm/prims/jni.cpp, line 709]

Events (10 events):
Event: 551.560 loading class sun/awt/X11/XKeyEvent
Event: 551.609 loading class sun/awt/X11/XKeyEvent done
Event: 551.610 loading class sun/awt/X11/XKeysym
Event: 551.634 loading class sun/awt/X11/XKeysym done
Event: 551.635 loading class sun/awt/X11/XKeysym$Keysym2JavaKeycode
Event: 551.635 loading class sun/awt/X11/XKeysym$Keysym2JavaKeycode done
Event: 551.649 loading class java/awt/KeyboardFocusManager$5
Event: 551.657 loading class java/awt/KeyboardFocusManager$5 done
Event: 574.403 loading class sun/awt/X11/XContentWindow$SavedExposeEvent
Event: 574.404 loading class sun/awt/X11/XContentWindow$SavedExposeEvent done


Dynamic libraries:
00400000-00401000 r-xp 00000000 08:06 264004                             /opt/jdk/jdk1.8.0_60/bin/java
00600000-00601000 rw-p 00000000 08:06 264004                             /opt/jdk/jdk1.8.0_60/bin/java
01806000-01827000 rw-p 00000000 00:00 0                                  [heap]
e9600000-e9e00000 rw-p 00000000 00:00 0 
e9e00000-f0ea0000 ---p 00000000 00:00 0 
f0ea0000-f1ea0000 rw-p 00000000 00:00 0 
f1ea0000-100000000 ---p 00000000 00:00 0 
100000000-100100000 rw-p 00000000 00:00 0 
100100000-140000000 ---p 00000000 00:00 0 
7f72c4000000-7f72c429d000 rw-p 00000000 00:00 0 
7f72c429d000-7f72c8000000 ---p 00000000 00:00 0 
7f72cbeff000-7f72cbf02000 ---p 00000000 00:00 0 
7f72cbf02000-7f72cc000000 rw-p 00000000 00:00 0                          [stack:2942]
7f72cc000000-7f72cc038000 rw-p 00000000 00:00 0 
7f72cc038000-7f72d0000000 ---p 00000000 00:00 0 
7f72d0000000-7f72d0021000 rw-p 00000000 00:00 0 
7f72d0021000-7f72d4000000 ---p 00000000 00:00 0 
7f72d4000000-7f72d4021000 rw-p 00000000 00:00 0 
7f72d4021000-7f72d8000000 ---p 00000000 00:00 0 
7f72d8000000-7f72d8021000 rw-p 00000000 00:00 0 
7f72d8021000-7f72dc000000 ---p 00000000 00:00 0 
7f72dc000000-7f72dc47f000 rw-p 00000000 00:00 0 
7f72dc47f000-7f72e0000000 ---p 00000000 00:00 0 
7f72e0000000-7f72e0021000 rw-p 00000000 00:00 0 
7f72e0021000-7f72e4000000 ---p 00000000 00:00 0 
7f72e4000000-7f72e4021000 rw-p 00000000 00:00 0 
7f72e4021000-7f72e8000000 ---p 00000000 00:00 0 
7f72e8000000-7f72e8118000 rw-p 00000000 00:00 0 
7f72e8118000-7f72ec000000 ---p 00000000 00:00 0 
7f72ec000000-7f72ec021000 rw-p 00000000 00:00 0 
7f72ec021000-7f72f0000000 ---p 00000000 00:00 0 
7f72f0000000-7f72f0021000 rw-p 00000000 00:00 0 
7f72f0021000-7f72f4000000 ---p 00000000 00:00 0 
7f72f4000000-7f72f4021000 rw-p 00000000 00:00 0 
7f72f4021000-7f72f8000000 ---p 00000000 00:00 0 
7f72f80e7000-7f72f80ea000 ---p 00000000 00:00 0 
7f72f80ea000-7f72f81e8000 rw-p 00000000 00:00 0                          [stack:2941]
7f72f81e8000-7f72f81eb000 ---p 00000000 00:00 0 
7f72f81eb000-7f72f82e9000 rw-p 00000000 00:00 0                          [stack:2940]
7f72f82e9000-7f72f82ee000 r-xp 00000000 08:06 1709182                    /usr/lib/x86_64-linux-gnu/libXfixes.so.3.1.0
7f72f82ee000-7f72f84ed000 ---p 00005000 08:06 1709182                    /usr/lib/x86_64-linux-gnu/libXfixes.so.3.1.0
7f72f84ed000-7f72f84ee000 r--p 00004000 08:06 1709182                    /usr/lib/x86_64-linux-gnu/libXfixes.so.3.1.0
7f72f84ee000-7f72f84ef000 rw-p 00005000 08:06 1709182                    /usr/lib/x86_64-linux-gnu/libXfixes.so.3.1.0
7f72f84ef000-7f72f84f8000 r-xp 00000000 08:06 1713064                    /usr/lib/x86_64-linux-gnu/libXcursor.so.1.0.2
7f72f84f8000-7f72f86f7000 ---p 00009000 08:06 1713064                    /usr/lib/x86_64-linux-gnu/libXcursor.so.1.0.2
7f72f86f7000-7f72f86f8000 r--p 00008000 08:06 1713064                    /usr/lib/x86_64-linux-gnu/libXcursor.so.1.0.2
7f72f86f8000-7f72f86f9000 rw-p 00009000 08:06 1713064                    /usr/lib/x86_64-linux-gnu/libXcursor.so.1.0.2
7f72f86f9000-7f72f86fc000 ---p 00000000 00:00 0 
7f72f86fc000-7f72f87fa000 rw-p 00000000 00:00 0                          [stack:2939]
7f72f87fa000-7f72f8810000 r-xp 00000000 08:06 541758                     /lib/x86_64-linux-gnu/libgcc_s.so.1
7f72f8810000-7f72f8a0f000 ---p 00016000 08:06 541758                     /lib/x86_64-linux-gnu/libgcc_s.so.1
7f72f8a0f000-7f72f8a10000 rw-p 00015000 08:06 541758                     /lib/x86_64-linux-gnu/libgcc_s.so.1
7f72f8a10000-7f72f8a76000 r-xp 00000000 08:06 263870                     /opt/jdk/jdk1.8.0_60/jre/lib/amd64/libfontmanager.so
7f72f8a76000-7f72f8c75000 ---p 00066000 08:06 263870                     /opt/jdk/jdk1.8.0_60/jre/lib/amd64/libfontmanager.so
7f72f8c75000-7f72f8c79000 rw-p 00065000 08:06 263870                     /opt/jdk/jdk1.8.0_60/jre/lib/amd64/libfontmanager.so
7f72f8c79000-7f72f8c8a000 rw-p 00000000 00:00 0 
7f72f8c8a000-7f72f8c8f000 r-xp 00000000 08:06 1713068                    /usr/lib/x86_64-linux-gnu/libXdmcp.so.6.0.0
7f72f8c8f000-7f72f8e8e000 ---p 00005000 08:06 1713068                    /usr/lib/x86_64-linux-gnu/libXdmcp.so.6.0.0
7f72f8e8e000-7f72f8e8f000 r--p 00004000 08:06 1713068                    /usr/lib/x86_64-linux-gnu/libXdmcp.so.6.0.0
7f72f8e8f000-7f72f8e90000 rw-p 00005000 08:06 1713068                    /usr/lib/x86_64-linux-gnu/libXdmcp.so.6.0.0
7f72f8e90000-7f72f8e92000 r-xp 00000000 08:06 1713057                    /usr/lib/x86_64-linux-gnu/libXau.so.6.0.0
7f72f8e92000-7f72f9092000 ---p 00002000 08:06 1713057                    /usr/lib/x86_64-linux-gnu/libXau.so.6.0.0
7f72f9092000-7f72f9093000 r--p 00002000 08:06 1713057                    /usr/lib/x86_64-linux-gnu/libXau.so.6.0.0
7f72f9093000-7f72f9094000 rw-p 00003000 08:06 1713057                    /usr/lib/x86_64-linux-gnu/libXau.so.6.0.0
7f72f9094000-7f72f90b1000 r-xp 00000000 08:06 1714127                    /usr/lib/x86_64-linux-gnu/libxcb.so.1.1.0
7f72f90b1000-7f72f92b1000 ---p 0001d000 08:06 1714127                    /usr/lib/x86_64-linux-gnu/libxcb.so.1.1.0
7f72f92b1000-7f72f92b2000 r--p 0001d000 08:06 1714127                    /usr/lib/x86_64-linux-gnu/libxcb.so.1.1.0
7f72f92b2000-7f72f92b3000 rw-p 0001e000 08:06 1714127                    /usr/lib/x86_64-linux-gnu/libxcb.so.1.1.0
7f72f92b3000-7f72f92c2000 r-xp 00000000 08:06 1704122                    /usr/lib/x86_64-linux-gnu/libXi.so.6.1.0
7f72f92c2000-7f72f94c1000 ---p 0000f000 08:06 1704122                    /usr/lib/x86_64-linux-gnu/libXi.so.6.1.0
7f72f94c1000-7f72f94c2000 r--p 0000e000 08:06 1704122                    /usr/lib/x86_64-linux-gnu/libXi.so.6.1.0
7f72f94c2000-7f72f94c3000 rw-p 0000f000 08:06 1704122                    /usr/lib/x86_64-linux-gnu/libXi.so.6.1.0
7f72f94c3000-7f72f94c8000 r-xp 00000000 08:06 1713098                    /usr/lib/x86_64-linux-gnu/libXtst.so.6.1.0
7f72f94c8000-7f72f96c7000 ---p 00005000 08:06 1713098                    /usr/lib/x86_64-linux-gnu/libXtst.so.6.1.0
7f72f96c7000-7f72f96c8000 r--p 00004000 08:06 1713098                    /usr/lib/x86_64-linux-gnu/libXtst.so.6.1.0
7f72f96c8000-7f72f96c9000 rw-p 00005000 08:06 1713098                    /usr/lib/x86_64-linux-gnu/libXtst.so.6.1.0
7f72f96c9000-7f72f96d2000 r-xp 00000000 08:06 1709439                    /usr/lib/x86_64-linux-gnu/libXrender.so.1.3.0
7f72f96d2000-7f72f98d1000 ---p 00009000 08:06 1709439                    /usr/lib/x86_64-linux-gnu/libXrender.so.1.3.0
7f72f98d1000-7f72f98d2000 r--p 00008000 08:06 1709439                    /usr/lib/x86_64-linux-gnu/libXrender.so.1.3.0
7f72f98d2000-7f72f98d3000 rw-p 00009000 08:06 1709439                    /usr/lib/x86_64-linux-gnu/libXrender.so.1.3.0
7f72f98d3000-7f72f9a03000 r-xp 00000000 08:06 1713053                    /usr/lib/x86_64-linux-gnu/libX11.so.6.3.0
7f72f9a03000-7f72f9c03000 ---p 00130000 08:06 1713053                    /usr/lib/x86_64-linux-gnu/libX11.so.6.3.0
7f72f9c03000-7f72f9c04000 r--p 00130000 08:06 1713053                    /usr/lib/x86_64-linux-gnu/libX11.so.6.3.0
7f72f9c04000-7f72f9c08000 rw-p 00131000 08:06 1713053                    /usr/lib/x86_64-linux-gnu/libX11.so.6.3.0
7f72f9c08000-7f72f9c19000 r-xp 00000000 08:06 1709171                    /usr/lib/x86_64-linux-gnu/libXext.so.6.4.0
7f72f9c19000-7f72f9e18000 ---p 00011000 08:06 1709171                    /usr/lib/x86_64-linux-gnu/libXext.so.6.4.0
7f72f9e18000-7f72f9e19000 r--p 00010000 08:06 1709171                    /usr/lib/x86_64-linux-gnu/libXext.so.6.4.0
7f72f9e19000-7f72f9e1a000 rw-p 00011000 08:06 1709171                    /usr/lib/x86_64-linux-gnu/libXext.so.6.4.0
7f72f9e1a000-7f72f9e6e000 r-xp 00000000 08:06 263880                     /opt/jdk/jdk1.8.0_60/jre/lib/amd64/libawt_xawt.so
7f72f9e6e000-7f72fa06e000 ---p 00054000 08:06 263880                     /opt/jdk/jdk1.8.0_60/jre/lib/amd64/libawt_xawt.so
7f72fa06e000-7f72fa072000 rw-p 00054000 08:06 263880                     /opt/jdk/jdk1.8.0_60/jre/lib/amd64/libawt_xawt.so
7f72fa072000-7f72fa073000 rw-p 00000000 00:00 0 
7f72fa073000-7f72fa115000 r-xp 00000000 08:06 263887                     /opt/jdk/jdk1.8.0_60/jre/lib/amd64/libawt.so
7f72fa115000-7f72fa315000 ---p 000a2000 08:06 263887                     /opt/jdk/jdk1.8.0_60/jre/lib/amd64/libawt.so
7f72fa315000-7f72fa321000 rw-p 000a2000 08:06 263887                     /opt/jdk/jdk1.8.0_60/jre/lib/amd64/libawt.so
7f72fa321000-7f72fa345000 rw-p 00000000 00:00 0 
7f72fa345000-7f72fa346000 ---p 00000000 00:00 0 
7f72fa346000-7f72fa446000 rw-p 00000000 00:00 0                          [stack:2938]
7f72fa446000-7f72fa449000 ---p 00000000 00:00 0 
7f72fa449000-7f72fa547000 rw-p 00000000 00:00 0                          [stack:2937]
7f72fa547000-7f72fa54a000 ---p 00000000 00:00 0 
7f72fa54a000-7f72fa648000 rw-p 00000000 00:00 0                          [stack:2936]
7f72fa648000-7f72fa64b000 ---p 00000000 00:00 0 
7f72fa64b000-7f72fa749000 rw-p 00000000 00:00 0                          [stack:2935]
7f72fa749000-7f72fa74c000 ---p 00000000 00:00 0 
7f72fa74c000-7f72fa84a000 rw-p 00000000 00:00 0                          [stack:2934]
7f72fa84a000-7f72fb05d000 r--p 00000000 08:06 1711899                    /usr/lib/locale/locale-archive
7f72fb05d000-7f72fb060000 ---p 00000000 00:00 0 
7f72fb060000-7f72fb15e000 rw-p 00000000 00:00 0                          [stack:2933]
7f72fb15e000-7f72fb161000 ---p 00000000 00:00 0 
7f72fb161000-7f72fb25f000 rw-p 00000000 00:00 0                          [stack:2932]
7f72fb25f000-7f72fb260000 ---p 00000000 00:00 0 
7f72fb260000-7f72fb360000 rw-p 00000000 00:00 0                          [stack:2930]
7f72fb360000-7f72fb538000 r--s 03d17000 08:06 263911                     /opt/jdk/jdk1.8.0_60/jre/lib/rt.jar
7f72fb538000-7f72fbc6e000 rw-p 00000000 00:00 0 
7f72fbc6e000-7f72fbdae000 ---p 00000000 00:00 0 
7f72fbdae000-7f72fbdb8000 rw-p 00000000 00:00 0 
7f72fbdb8000-7f72fc16e000 ---p 00000000 00:00 0 
7f72fc16e000-7f72fc3de000 rwxp 00000000 00:00 0 
7f72fc3de000-7f730b16e000 ---p 00000000 00:00 0 
7f730b16e000-7f730b188000 r-xp 00000000 08:06 263861                     /opt/jdk/jdk1.8.0_60/jre/lib/amd64/libzip.so
7f730b188000-7f730b388000 ---p 0001a000 08:06 263861                     /opt/jdk/jdk1.8.0_60/jre/lib/amd64/libzip.so
7f730b388000-7f730b389000 rw-p 0001a000 08:06 263861                     /opt/jdk/jdk1.8.0_60/jre/lib/amd64/libzip.so
7f730b389000-7f730b394000 r-xp 00000000 08:06 539007                     /lib/x86_64-linux-gnu/libnss_files-2.19.so
7f730b394000-7f730b593000 ---p 0000b000 08:06 539007                     /lib/x86_64-linux-gnu/libnss_files-2.19.so
7f730b593000-7f730b594000 r--p 0000a000 08:06 539007                     /lib/x86_64-linux-gnu/libnss_files-2.19.so
7f730b594000-7f730b595000 rw-p 0000b000 08:06 539007                     /lib/x86_64-linux-gnu/libnss_files-2.19.so
7f730b595000-7f730b5a0000 r-xp 00000000 08:06 538999                     /lib/x86_64-linux-gnu/libnss_nis-2.19.so
7f730b5a0000-7f730b79f000 ---p 0000b000 08:06 538999                     /lib/x86_64-linux-gnu/libnss_nis-2.19.so
7f730b79f000-7f730b7a0000 r--p 0000a000 08:06 538999                     /lib/x86_64-linux-gnu/libnss_nis-2.19.so
7f730b7a0000-7f730b7a1000 rw-p 0000b000 08:06 538999                     /lib/x86_64-linux-gnu/libnss_nis-2.19.so
7f730b7a1000-7f730b7b8000 r-xp 00000000 08:06 538995                     /lib/x86_64-linux-gnu/libnsl-2.19.so
7f730b7b8000-7f730b9b7000 ---p 00017000 08:06 538995                     /lib/x86_64-linux-gnu/libnsl-2.19.so
7f730b9b7000-7f730b9b8000 r--p 00016000 08:06 538995                     /lib/x86_64-linux-gnu/libnsl-2.19.so
7f730b9b8000-7f730b9b9000 rw-p 00017000 08:06 538995                     /lib/x86_64-linux-gnu/libnsl-2.19.so
7f730b9b9000-7f730b9bb000 rw-p 00000000 00:00 0 
7f730b9bb000-7f730b9c4000 r-xp 00000000 08:06 538994                     /lib/x86_64-linux-gnu/libnss_compat-2.19.so
7f730b9c4000-7f730bbc3000 ---p 00009000 08:06 538994                     /lib/x86_64-linux-gnu/libnss_compat-2.19.so
7f730bbc3000-7f730bbc4000 r--p 00008000 08:06 538994                     /lib/x86_64-linux-gnu/libnss_compat-2.19.so
7f730bbc4000-7f730bbc5000 rw-p 00009000 08:06 538994                     /lib/x86_64-linux-gnu/libnss_compat-2.19.so
7f730bbc5000-7f730bbef000 r-xp 00000000 08:06 263839                     /opt/jdk/jdk1.8.0_60/jre/lib/amd64/libjava.so
7f730bbef000-7f730bdef000 ---p 0002a000 08:06 263839                     /opt/jdk/jdk1.8.0_60/jre/lib/amd64/libjava.so
7f730bdef000-7f730bdf1000 rw-p 0002a000 08:06 263839                     /opt/jdk/jdk1.8.0_60/jre/lib/amd64/libjava.so
7f730bdf1000-7f730bdfe000 r-xp 00000000 08:06 263855                     /opt/jdk/jdk1.8.0_60/jre/lib/amd64/libverify.so
7f730bdfe000-7f730bffe000 ---p 0000d000 08:06 263855                     /opt/jdk/jdk1.8.0_60/jre/lib/amd64/libverify.so
7f730bffe000-7f730c000000 rw-p 0000d000 08:06 263855                     /opt/jdk/jdk1.8.0_60/jre/lib/amd64/libverify.so
7f730c000000-7f730c1f5000 rw-p 00000000 00:00 0 
7f730c1f5000-7f7310000000 ---p 00000000 00:00 0 
7f7310026000-7f73100d9000 rw-p 00000000 00:00 0 
7f73100d9000-7f7310149000 ---p 00000000 00:00 0 
7f7310149000-7f7310150000 r-xp 00000000 08:06 539003                     /lib/x86_64-linux-gnu/librt-2.19.so
7f7310150000-7f731034f000 ---p 00007000 08:06 539003                     /lib/x86_64-linux-gnu/librt-2.19.so
7f731034f000-7f7310350000 r--p 00006000 08:06 539003                     /lib/x86_64-linux-gnu/librt-2.19.so
7f7310350000-7f7310351000 rw-p 00007000 08:06 539003                     /lib/x86_64-linux-gnu/librt-2.19.so
7f7310351000-7f7310456000 r-xp 00000000 08:06 538989                     /lib/x86_64-linux-gnu/libm-2.19.so
7f7310456000-7f7310655000 ---p 00105000 08:06 538989                     /lib/x86_64-linux-gnu/libm-2.19.so
7f7310655000-7f7310656000 r--p 00104000 08:06 538989                     /lib/x86_64-linux-gnu/libm-2.19.so
7f7310656000-7f7310657000 rw-p 00105000 08:06 538989                     /lib/x86_64-linux-gnu/libm-2.19.so
7f7310657000-7f7311315000 r-xp 00000000 08:06 263877                     /opt/jdk/jdk1.8.0_60/jre/lib/amd64/server/libjvm.so
7f7311315000-7f7311514000 ---p 00cbe000 08:06 263877                     /opt/jdk/jdk1.8.0_60/jre/lib/amd64/server/libjvm.so
7f7311514000-7f73115ec000 rw-p 00cbd000 08:06 263877                     /opt/jdk/jdk1.8.0_60/jre/lib/amd64/server/libjvm.so
7f73115ec000-7f7311631000 rw-p 00000000 00:00 0 
7f7311631000-7f73117ec000 r-xp 00000000 08:06 539004                     /lib/x86_64-linux-gnu/libc-2.19.so
7f73117ec000-7f73119eb000 ---p 001bb000 08:06 539004                     /lib/x86_64-linux-gnu/libc-2.19.so
7f73119eb000-7f73119ef000 r--p 001ba000 08:06 539004                     /lib/x86_64-linux-gnu/libc-2.19.so
7f73119ef000-7f73119f1000 rw-p 001be000 08:06 539004                     /lib/x86_64-linux-gnu/libc-2.19.so
7f73119f1000-7f73119f6000 rw-p 00000000 00:00 0 
7f73119f6000-7f73119f9000 r-xp 00000000 08:06 538991                     /lib/x86_64-linux-gnu/libdl-2.19.so
7f73119f9000-7f7311bf8000 ---p 00003000 08:06 538991                     /lib/x86_64-linux-gnu/libdl-2.19.so
7f7311bf8000-7f7311bf9000 r--p 00002000 08:06 538991                     /lib/x86_64-linux-gnu/libdl-2.19.so
7f7311bf9000-7f7311bfa000 rw-p 00003000 08:06 538991                     /lib/x86_64-linux-gnu/libdl-2.19.so
7f7311bfa000-7f7311c0f000 r-xp 00000000 08:06 262922                     /opt/jdk/jdk1.8.0_60/lib/amd64/jli/libjli.so
7f7311c0f000-7f7311e0f000 ---p 00015000 08:06 262922                     /opt/jdk/jdk1.8.0_60/lib/amd64/jli/libjli.so
7f7311e0f000-7f7311e10000 rw-p 00015000 08:06 262922                     /opt/jdk/jdk1.8.0_60/lib/amd64/jli/libjli.so
7f7311e10000-7f7311e29000 r-xp 00000000 08:06 538996                     /lib/x86_64-linux-gnu/libpthread-2.19.so
7f7311e29000-7f7312028000 ---p 00019000 08:06 538996                     /lib/x86_64-linux-gnu/libpthread-2.19.so
7f7312028000-7f7312029000 r--p 00018000 08:06 538996                     /lib/x86_64-linux-gnu/libpthread-2.19.so
7f7312029000-7f731202a000 rw-p 00019000 08:06 538996                     /lib/x86_64-linux-gnu/libpthread-2.19.so
7f731202a000-7f731202e000 rw-p 00000000 00:00 0 
7f731202e000-7f7312051000 r-xp 00000000 08:06 538997                     /lib/x86_64-linux-gnu/ld-2.19.so
7f7312052000-7f731207e000 rw-p 00000000 00:00 0 
7f731207e000-7f73120b6000 ---p 00000000 00:00 0 
7f73120b6000-7f73120bf000 rw-p 00000000 00:00 0 
7f73120bf000-7f731212f000 ---p 00000000 00:00 0 
7f731212f000-7f7312130000 rw-p 00000000 00:00 0 
7f7312130000-7f7312133000 ---p 00000000 00:00 0 
7f7312133000-7f7312235000 rw-p 00000000 00:00 0                          [stack:2924]
7f7312244000-7f731224c000 rw-s 00000000 08:06 669020                     /tmp/hsperfdata_victor/2923
7f731224c000-7f731224d000 rw-p 00000000 00:00 0 
7f731224d000-7f731224e000 r--p 00000000 00:00 0 
7f731224e000-7f7312250000 rw-p 00000000 00:00 0 
7f7312250000-7f7312251000 r--p 00022000 08:06 538997                     /lib/x86_64-linux-gnu/ld-2.19.so
7f7312251000-7f7312252000 rw-p 00023000 08:06 538997                     /lib/x86_64-linux-gnu/ld-2.19.so
7f7312252000-7f7312253000 rw-p 00000000 00:00 0 
7ffcb569a000-7ffcb56bb000 rw-p 00000000 00:00 0                          [stack]
7ffcb5783000-7ffcb5785000 r-xp 00000000 00:00 0                          [vdso]
ffffffffff600000-ffffffffff601000 r-xp 00000000 00:00 0                  [vsyscall]

VM Arguments:
jvm_args: -Dfile.encoding=UTF-8 
java_command: DrawCircle
java_class_path (initial): /home/victor/Android/Android Workspace/DrawCircle/bin
Launcher Type: SUN_STANDARD

Environment Variables:
JAVA_HOME=/opt/jdk/jdk1.8.0_60
PATH=/usr/local/sbin:/usr/local/bin:/usr/sbin:/usr/bin:/sbin:/bin:/usr/games:/usr/local/games:/home/victor/Android/SDK/tools:/home/victor/Android/SDK/platform-tools
SHELL=/bin/bash
DISPLAY=:0

Signal Handlers:
SIGSEGV: [libjvm.so+0xaba070], sa_mask[0]=11111111011111111101111111111110, sa_flags=SA_RESTART|SA_SIGINFO
SIGBUS: [libjvm.so+0xaba070], sa_mask[0]=11111111011111111101111111111110, sa_flags=SA_RESTART|SA_SIGINFO
SIGFPE: [libjvm.so+0x917630], sa_mask[0]=11111111011111111101111111111110, sa_flags=SA_RESTART|SA_SIGINFO
SIGPIPE: [libjvm.so+0x917630], sa_mask[0]=11111111011111111101111111111110, sa_flags=SA_RESTART|SA_SIGINFO
SIGXFSZ: [libjvm.so+0x917630], sa_mask[0]=11111111011111111101111111111110, sa_flags=SA_RESTART|SA_SIGINFO
SIGILL: [libjvm.so+0x917630], sa_mask[0]=11111111011111111101111111111110, sa_flags=SA_RESTART|SA_SIGINFO
SIGUSR1: SIG_DFL, sa_mask[0]=00000000000000000000000000000000, sa_flags=none
SIGUSR2: [libjvm.so+0x918c60], sa_mask[0]=00100000000000000000000000000000, sa_flags=SA_RESTART|SA_SIGINFO
SIGHUP: [libjvm.so+0x91a060], sa_mask[0]=11111111011111111101111111111110, sa_flags=SA_RESTART|SA_SIGINFO
SIGINT: [libjvm.so+0x91a060], sa_mask[0]=11111111011111111101111111111110, sa_flags=SA_RESTART|SA_SIGINFO
SIGTERM: [libjvm.so+0x91a060], sa_mask[0]=11111111011111111101111111111110, sa_flags=SA_RESTART|SA_SIGINFO
SIGQUIT: [libjvm.so+0x91a060], sa_mask[0]=11111111011111111101111111111110, sa_flags=SA_RESTART|SA_SIGINFO


---------------  S Y S T E M  ---------------

OS:DISTRIB_ID=Ubuntu
DISTRIB_RELEASE=14.04
DISTRIB_CODENAME=trusty
DISTRIB_DESCRIPTION="Ubuntu 14.04.4 LTS"

uname:Linux 3.13.0-79-generic #123-Ubuntu SMP Fri Feb 19 14:27:58 UTC 2016 x86_64
libc:glibc 2.19 NPTL 2.19 
rlimit: STACK 8192k, CORE 0k, NPROC 11410, NOFILE 4096, AS infinity
load average:6.77 2.89 1.74

/proc/meminfo:
MemTotal:        1482176 kB
MemFree:          773116 kB
Buffers:           20416 kB
Cached:           176012 kB
SwapCached:        75904 kB
Active:           176252 kB
Inactive:         281720 kB
Active(anon):     124376 kB
Inactive(anon):   138776 kB
Active(file):      51876 kB
Inactive(file):   142944 kB
Unevictable:           0 kB
Mlocked:               0 kB
SwapTotal:       1998844 kB
SwapFree:        1646216 kB
Dirty:               344 kB
Writeback:             0 kB
AnonPages:        209292 kB
Mapped:            36452 kB
Shmem:              1588 kB
Slab:              48628 kB
SReclaimable:      19900 kB
SUnreclaim:        28728 kB
KernelStack:        2096 kB
PageTables:        12192 kB
NFS_Unstable:          0 kB
Bounce:                0 kB
WritebackTmp:          0 kB
CommitLimit:     2739932 kB
Committed_AS:    1460728 kB
VmallocTotal:   34359738367 kB
VmallocUsed:      108952 kB
VmallocChunk:   34359582684 kB
HardwareCorrupted:     0 kB
AnonHugePages:     71680 kB
HugePages_Total:       0
HugePages_Free:        0
HugePages_Rsvd:        0
HugePages_Surp:        0
Hugepagesize:       2048 kB
DirectMap4k:      171772 kB
DirectMap2M:     1349632 kB
DirectMap1G:           0 kB


CPU:total 2 (2 cores per cpu, 1 threads per core) family 22 model 0 stepping 1, cmov, cx8, fxsr, mmx, sse, sse2, sse3, ssse3, sse4.1, sse4.2, popcnt, avx, aes, clmul, mmxext, 3dnowpref, lzcnt, sse4a, tsc, tscinvbit, tscinv, bmi1

/proc/cpuinfo:
processor	: 0
vendor_id	: AuthenticAMD
cpu family	: 22
model		: 0
model name	: AMD E1-2100 APU with Radeon(TM) HD Graphics
stepping	: 1
microcode	: 0x700010b
cpu MHz		: 1000.000
cache size	: 1024 KB
physical id	: 0
siblings	: 2
core id		: 0
cpu cores	: 2
apicid		: 0
initial apicid	: 0
fpu		: yes
fpu_exception	: yes
cpuid level	: 13
wp		: yes
flags		: fpu vme de pse tsc msr pae mce cx8 apic sep mtrr pge mca cmov pat pse36 clflush mmx fxsr sse sse2 ht syscall nx mmxext fxsr_opt pdpe1gb rdtscp lm constant_tsc rep_good nopl nonstop_tsc extd_apicid aperfmperf eagerfpu pni pclmulqdq monitor ssse3 cx16 sse4_1 sse4_2 movbe popcnt aes xsave avx f16c lahf_lm cmp_legacy svm extapic cr8_legacy abm sse4a misalignsse 3dnowprefetch osvw ibs skinit wdt topoext perfctr_nb perfctr_l2 arat xsaveopt hw_pstate proc_feedback npt lbrv svm_lock nrip_save tsc_scale flushbyasid decodeassists pausefilter pfthreshold vmmcall bmi1
bogomips	: 1996.35
TLB size	: 1024 4K pages
clflush size	: 64
cache_alignment	: 64
address sizes	: 40 bits physical, 48 bits virtual
power management: ts ttp tm 100mhzsteps hwpstate [11]

processor	: 1
vendor_id	: AuthenticAMD
cpu family	: 22
model		: 0
model name	: AMD E1-2100 APU with Radeon(TM) HD Graphics    
stepping	: 1
microcode	: 0x700010b
cpu MHz		: 800.000
cache size	: 1024 KB
physical id	: 0
siblings	: 2
core id		: 1
cpu cores	: 2
apicid		: 1
initial apicid	: 1
fpu		: yes
fpu_exception	: yes
cpuid level	: 13
wp		: yes
flags		: fpu vme de pse tsc msr pae mce cx8 apic sep mtrr pge mca cmov pat pse36 clflush mmx fxsr sse sse2 ht syscall nx mmxext fxsr_opt pdpe1gb rdtscp lm constant_tsc rep_good nopl nonstop_tsc extd_apicid aperfmperf eagerfpu pni pclmulqdq monitor ssse3 cx16 sse4_1 sse4_2 movbe popcnt aes xsave avx f16c lahf_lm cmp_legacy svm extapic cr8_legacy abm sse4a misalignsse 3dnowprefetch osvw ibs skinit wdt topoext perfctr_nb perfctr_l2 arat xsaveopt hw_pstate proc_feedback npt lbrv svm_lock nrip_save tsc_scale flushbyasid decodeassists pausefilter pfthreshold vmmcall bmi1
bogomips	: 1996.35
TLB size	: 1024 4K pages
clflush size	: 64
cache_alignment	: 64
address sizes	: 40 bits physical, 48 bits virtual
power management: ts ttp tm 100mhzsteps hwpstate [11]



Memory: 4k page, physical 1482176k(772992k free), swap 1998844k(1646216k free)

vm_info: Java HotSpot(TM) 64-Bit Server VM (25.60-b23) for linux-amd64 JRE (1.8.0_60-b27), built on Aug  4 2015 12:19:40 by "java_re" with gcc 4.3.0 20080428 (Red Hat 4.3.0-8)

time: Fri Mar  4 23:45:26 2016
elapsed time: 1377 seconds (0d 0h 22m 57s)

